 
 -------------- celery@error v5.5.3 (immunity)
--- ***** ----- 
-- ******* ---- Linux-6.17.7-arch1-1-x86_64-with-glibc2.42 2025-11-06 20:52:30
- *** --- * --- 
- ** ---------- [config]
- ** ---------- .> app:         hr_service:0x7f072affe270
- ** ---------- .> transport:   redis://localhost:6379/0
- ** ---------- .> results:     redis://localhost:6379/1
- *** --- * --- .> concurrency: 4 (prefork)
-- ******* ---- .> task events: OFF (enable -E to monitor tasks in this worker)
--- ***** ----- 
 -------------- [queues]
                .> default          exchange=default(direct) key=default
                

[tasks]
  . evaluate.run_job
  . upload.process

[2025-11-06 20:52:31,091: INFO/MainProcess] Connected to redis://localhost:6379/0
[2025-11-06 20:52:31,097: INFO/MainProcess] mingle: searching for neighbors
[2025-11-06 20:52:32,107: INFO/MainProcess] mingle: all alone
[2025-11-06 20:52:32,142: INFO/MainProcess] celery@error ready.

worker: Warm shutdown (MainProcess)
